<?xml version="1.0" encoding="UTF-8"?>
<!-- Generated by org.testng.reporters.JUnitReportReporter -->
<testsuite hostname="Zypherus-G14" failures="0" tests="1" name="com.JavaLearning.javaStreamsLesson" time="0.013" errors="0" timestamp="2024-11-05T17:13:10 IST" skipped="0">
  <testcase classname="com.JavaLearning.javaStreamsLesson" name="test" time="0.013"/>
</testsuite> <!-- com.JavaLearning.javaStreamsLesson -->
